<?xml version="1.0" encoding="UTF-8"?>
<!-- Generated by org.testng.reporters.JUnitReportReporter -->
<testsuite hostname="DESKTOP-5R2Q5LI" failures="0" tests="7" name="testcases.AspireApp" time="24.516" errors="0" timestamp="2022-04-16T14:50:17 IST" skipped="0">
  <testcase classname="testcases.AspireApp" name="Login" time="3.125"/>
  <system-out/>
  <testcase classname="testcases.AspireApp" name="navigateToProduct" time="0.678"/>
  <system-out/>
  <testcase classname="testcases.AspireApp" name="createProduct" time="5.495"/>
  <system-out/>
  <testcase classname="testcases.AspireApp" name="updateProduct" time="8.098"/>
  <system-out/>
  <testcase classname="testcases.AspireApp" name="navigateToManufacturing" time="0.161"/>
  <system-out/>
  <testcase classname="testcases.AspireApp" name="createManufacturingOrder" time="6.358"/>
  <system-out/>
  <testcase classname="testcases.AspireApp" name="verifyCreatedMO" time="0.601"/>
  <system-out/>
</testsuite> <!-- testcases.AspireApp -->
